\BOOKMARK [0][-]{chapter*.2}{\376\377\000P\000r\000e\000f\000a\000c\000e}{}% 1
\BOOKMARK [-1][-]{part.1}{\376\377\000I\000\040\000G\000o\000v\000e\000r\000n\000i\000n\000g\000\040\000e\000q\000u\000a\000t\000i\000o\000n\000s}{}% 2
\BOOKMARK [0][-]{chapter.1}{\376\377\000R\000e\000p\000r\000e\000s\000e\000n\000t\000a\000t\000i\000o\000n\000s\000\040\000o\000f\000\040\000a\000\040\000f\000l\000u\000i\000d}{part.1}% 3
\BOOKMARK [1][-]{section.1.1}{\376\377\000E\000u\000l\000e\000r\000i\000a\000n\000\040\000v\000s\000\040\000L\000a\000g\000r\000a\000n\000g\000i\000a\000n}{chapter.1}% 4
\BOOKMARK [1][-]{section.1.2}{\376\377\000A\000t\000o\000m\000i\000s\000t\000i\000c\000\040\000v\000s\000\040\000c\000o\000n\000t\000i\000n\000u\000u\000m}{chapter.1}% 5
\BOOKMARK [0][-]{chapter.2}{\376\377\000K\000i\000n\000e\000m\000a\000t\000i\000c\000s\000\040\000o\000f\000\040\000f\000l\000u\000i\000d\000\040\000m\000o\000t\000i\000o\000n}{part.1}% 6
\BOOKMARK [1][-]{section.2.1}{\376\377\000M\000a\000t\000e\000r\000i\000a\000l\000\040\000d\000e\000r\000i\000v\000a\000t\000i\000v\000e}{chapter.2}% 7
\BOOKMARK [1][-]{section.2.2}{\376\377\000T\000h\000e\000\040\000J\000a\000c\000o\000b\000i\000a\000n\000\040\000m\000a\000t\000r\000i\000x}{chapter.2}% 8
\BOOKMARK [1][-]{section.2.3}{\376\377\000M\000a\000t\000e\000r\000i\000a\000l\000\040\000l\000i\000n\000e}{chapter.2}% 9
\BOOKMARK [1][-]{section.2.4}{\376\377\000R\000e\000y\000n\000o\000l\000d\000s\000\040\000t\000r\000a\000n\000s\000p\000o\000r\000t\000\040\000t\000h\000e\000o\000r\000e\000m}{chapter.2}% 10
\BOOKMARK [0][-]{chapter.3}{\376\377\000C\000o\000n\000s\000e\000r\000v\000a\000t\000i\000o\000n\000\040\000l\000a\000w\000s}{part.1}% 11
\BOOKMARK [1][-]{section.3.1}{\376\377\000M\000a\000s\000s}{chapter.3}% 12
\BOOKMARK [1][-]{section.3.2}{\376\377\000M\000o\000m\000e\000n\000t\000u\000m}{chapter.3}% 13
\BOOKMARK [1][-]{section.3.3}{\376\377\000E\000n\000e\000r\000g\000y}{chapter.3}% 14
\BOOKMARK [1][-]{section.3.4}{\376\377\000P\000a\000s\000s\000i\000v\000e\000\040\000S\000c\000a\000l\000a\000r}{chapter.3}% 15
\BOOKMARK [1][-]{section.3.5}{\376\377\000A\000d\000d\000i\000t\000i\000o\000n\000a\000l\000\040\000r\000e\000l\000a\000t\000i\000o\000n\000s}{chapter.3}% 16
\BOOKMARK [1][-]{section.3.6}{\376\377\000S\000u\000m\000m\000a\000r\000y\000\040\000o\000f\000\040\000g\000o\000v\000e\000r\000n\000i\000n\000g\000\040\000e\000q\000u\000a\000t\000i\000o\000n\000s}{chapter.3}% 17
\BOOKMARK [0][-]{chapter.4}{\376\377\000A\000d\000d\000i\000t\000i\000o\000n\000a\000l\000\040\000f\000l\000u\000i\000d\000\040\000e\000q\000u\000a\000t\000i\000o\000n\000s}{part.1}% 18
\BOOKMARK [1][-]{section.4.1}{\376\377\000V\000o\000r\000t\000i\000c\000i\000t\000y\000\040\000E\000q\000u\000a\000t\000i\000o\000n}{chapter.4}% 19
\BOOKMARK [1][-]{section.4.2}{\376\377\000K\000i\000n\000e\000t\000i\000c\000\040\000e\000n\000e\000r\000g\000y\000\040\000e\000q\000u\000a\000t\000i\000o\000n}{chapter.4}% 20
\BOOKMARK [1][-]{section.4.3}{\376\377\000I\000n\000t\000e\000r\000n\000a\000l\000\040\000e\000n\000e\000r\000g\000y\000\040\000e\000q\000u\000a\000t\000i\000o\000n}{chapter.4}% 21
\BOOKMARK [2][-]{subsection.4.3.1}{\376\377\000P\000r\000e\000s\000s\000u\000r\000e\000\040\000e\000q\000u\000a\000t\000i\000o\000n}{section.4.3}% 22
\BOOKMARK [2][-]{subsection.4.3.2}{\376\377\000E\000n\000t\000h\000a\000l\000p\000y\000\040\000e\000q\000u\000a\000t\000i\000o\000n}{section.4.3}% 23
\BOOKMARK [2][-]{subsection.4.3.3}{\376\377\000E\000n\000t\000r\000o\000p\000y\000\040\000e\000q\000u\000a\000t\000i\000o\000n}{section.4.3}% 24
\BOOKMARK [1][-]{section.4.4}{\376\377\000K\000e\000l\000v\000i\000n\000'\000s\000\040\000T\000h\000e\000o\000r\000e\000m}{chapter.4}% 25
\BOOKMARK [1][-]{section.4.5}{\376\377\000B\000e\000r\000n\000o\000u\000l\000l\000i\000'\000s\000\040\000e\000q\000u\000a\000t\000i\000o\000n}{chapter.4}% 26
\BOOKMARK [1][-]{section.4.6}{\376\377\000A\000r\000b\000i\000t\000r\000a\000r\000y\000\040\000L\000a\000g\000r\000a\000n\000g\000i\000a\000n\000\040\000E\000u\000l\000e\000r\000i\000a\000n\000\040\000e\000q\000u\000a\000t\000i\000o\000n\000s}{chapter.4}% 27
\BOOKMARK [2][-]{subsection.4.6.1}{\376\377\000D\000i\000f\000f\000e\000r\000e\000n\000t\000i\000a\000l\000\040\000f\000o\000r\000m}{section.4.6}% 28
\BOOKMARK [2][-]{subsection.4.6.2}{\376\377\000I\000n\000t\000e\000g\000r\000a\000l\000\040\000f\000o\000r\000m}{section.4.6}% 29
\BOOKMARK [-1][-]{part.2}{\376\377\000I\000I\000\040\000I\000n\000v\000i\000s\000c\000i\000d\000\040\000I\000n\000c\000o\000m\000p\000r\000e\000s\000s\000i\000b\000l\000e\000\040\000F\000l\000o\000w}{}% 30
\BOOKMARK [0][-]{chapter.5}{\376\377\000I\000n\000v\000i\000s\000c\000i\000d\000\040\000s\000o\000l\000u\000t\000i\000o\000n\000s\000\040\000o\000f\000\040\000t\000h\000e\000\040\000N\000a\000v\000i\000e\000r\000\040\000S\000t\000o\000k\000e\000s\000\040\000E\000q\000u\000a\000t\000i\000o\000n\000s}{part.2}% 31
\BOOKMARK [0][-]{chapter.6}{\376\377\000P\000o\000t\000e\000n\000t\000i\000a\000l\000\040\000F\000l\000o\000w}{part.2}% 32
\BOOKMARK [-1][-]{part.3}{\376\377\000I\000I\000I\000\040\000C\000o\000m\000p\000r\000e\000s\000s\000i\000b\000l\000e\000\040\000F\000l\000o\000w}{}% 33
\BOOKMARK [0][-]{chapter.7}{\376\377\000T\000h\000e\000r\000m\000o\000d\000y\000n\000a\000m\000i\000c\000s\000\040\000o\000f\000\040\000f\000l\000u\000i\000d\000\040\000f\000l\000o\000w\000s}{part.3}% 34
\BOOKMARK [1][-]{section.7.1}{\376\377\000T\000h\000e\000r\000m\000o\000d\000y\000n\000a\000m\000i\000c\000\040\000v\000a\000r\000i\000a\000b\000l\000e\000s}{chapter.7}% 35
\BOOKMARK [1][-]{section.7.2}{\376\377\000E\000q\000u\000a\000t\000i\000o\000n\000\040\000o\000f\000\040\000s\000t\000a\000t\000e}{chapter.7}% 36
\BOOKMARK [1][-]{section.7.3}{\376\377\000T\000h\000e\000\040\000G\000i\000b\000b\000'\000s\000\040\000e\000q\000u\000a\000t\000i\000o\000n\000s}{chapter.7}% 37
\BOOKMARK [2][-]{subsection.7.3.1}{\376\377\000D\000e\000f\000i\000n\000i\000t\000i\000o\000n\000s}{section.7.3}% 38
\BOOKMARK [2][-]{subsection.7.3.2}{\376\377\000A\000d\000d\000i\000t\000i\000o\000n\000a\000l\000\040\000r\000e\000l\000a\000t\000i\000o\000n\000s\000h\000i\000p\000s}{section.7.3}% 39
\BOOKMARK [2][-]{subsection.7.3.3}{\376\377\000A\000p\000p\000l\000i\000c\000a\000t\000i\000o\000n\000s\000\040\000o\000f\000\040\000t\000h\000e\000\040\000G\000i\000b\000b\000'\000s\000\040\000e\000q\000u\000a\000t\000i\000o\000n}{section.7.3}% 40
\BOOKMARK [2][-]{subsection.7.3.4}{\376\377\000E\000n\000e\000r\000g\000y\000\040\000d\000e\000p\000e\000n\000d\000e\000n\000c\000e\000\040\000o\000n\000\040\000t\000e\000m\000p\000e\000r\000a\000t\000u\000r\000e}{section.7.3}% 41
\BOOKMARK [1][-]{section.7.4}{\376\377\000I\000d\000e\000a\000l\000\040\000g\000a\000s\000s\000e\000s}{chapter.7}% 42
\BOOKMARK [1][-]{section.7.5}{\376\377\000I\000s\000e\000n\000t\000r\000o\000p\000i\000c\000\040\000f\000l\000o\000w}{chapter.7}% 43
\BOOKMARK [2][-]{subsection.7.5.1}{\376\377\000D\000e\000f\000i\000n\000i\000t\000i\000o\000n\000s\000\040\000a\000n\000d\000\040\000g\000o\000v\000e\000r\000n\000i\000n\000g\000\040\000e\000q\000u\000a\000t\000i\000o\000n\000s}{section.7.5}% 44
\BOOKMARK [2][-]{subsection.7.5.2}{\376\377\000I\000s\000e\000n\000t\000r\000o\000p\000i\000c\000\040\000s\000t\000a\000g\000n\000a\000t\000i\000o\000n\000\040\000v\000a\000r\000i\000a\000b\000l\000e\000s}{section.7.5}% 45
\BOOKMARK [2][-]{subsection.7.5.3}{\376\377\000I\000s\000e\000n\000t\000r\000o\000p\000i\000c\000\040\000f\000l\000o\000w\000\040\000f\000o\000r\000\040\000a\000\040\000p\000e\000r\000f\000e\000c\000t\000\040\000g\000a\000s}{section.7.5}% 46
\BOOKMARK [2][-]{subsection.7.5.4}{\376\377\000A\000c\000o\000u\000s\000t\000i\000c\000\040\000w\000a\000v\000e\000s}{section.7.5}% 47
\BOOKMARK [0][-]{chapter.8}{\376\377\000S\000h\000o\000c\000k\000\040\000w\000a\000v\000e\000s\000\040\000a\000n\000d\000\040\000r\000e\000l\000a\000t\000e\000d\000\040\000d\000i\000s\000c\000o\000n\000t\000i\000n\000u\000i\000t\000i\000e\000s}{part.3}% 48
\BOOKMARK [1][-]{section.8.1}{\376\377\000S\000h\000o\000c\000k\000\040\000w\000a\000v\000e\000s}{chapter.8}% 49
\BOOKMARK [2][-]{subsection.8.1.1}{\376\377\000N\000o\000r\000m\000a\000l\000\040\000s\000h\000o\000c\000k\000s}{section.8.1}% 50
\BOOKMARK [2][-]{subsection.8.1.2}{\376\377\000O\000b\000l\000i\000q\000u\000e\000\040\000s\000h\000o\000c\000k\000s}{section.8.1}% 51
\BOOKMARK [2][-]{subsection.8.1.3}{\376\377\000W\000e\000a\000k\000\040\000s\000h\000o\000c\000k\000s}{section.8.1}% 52
\BOOKMARK [2][-]{subsection.8.1.4}{\376\377\000S\000t\000r\000o\000n\000g\000\040\000s\000h\000o\000c\000k\000s}{section.8.1}% 53
\BOOKMARK [1][-]{section.8.2}{\376\377\000M\000a\000c\000h\000\040\000W\000a\000v\000e\000s}{chapter.8}% 54
\BOOKMARK [1][-]{section.8.3}{\376\377\000C\000o\000n\000t\000a\000c\000t\000\040\000d\000i\000s\000c\000o\000n\000t\000i\000n\000u\000i\000t\000i\000e\000s}{chapter.8}% 55
\BOOKMARK [0][-]{chapter.9}{\376\377\000Q\000u\000a\000s\000i\000\040\0001\000-\000D\000\040\000s\000t\000e\000a\000d\000y\000\040\000a\000n\000d\000\040\000u\000n\000s\000t\000e\000a\000d\000y\000\040\000f\000l\000o\000w}{part.3}% 56
\BOOKMARK [0][-]{chapter.10}{\376\377\0002\000-\000D\000\040\000C\000o\000m\000p\000r\000e\000s\000s\000i\000b\000l\000e\000\040\000f\000l\000o\000w}{part.3}% 57
\BOOKMARK [-1][-]{part.4}{\376\377\000I\000V\000\040\000V\000i\000s\000c\000o\000u\000s\000\040\000F\000l\000o\000w}{}% 58
\BOOKMARK [0][-]{chapter.11}{\376\377\000V\000i\000s\000c\000o\000u\000s\000\040\000s\000o\000l\000u\000t\000i\000o\000n\000s\000\040\000o\000f\000\040\000t\000h\000e\000\040\000N\000a\000v\000i\000e\000r\000\040\000S\000t\000o\000k\000e\000s\000\040\000E\000q\000u\000a\000t\000i\000o\000n\000s}{part.4}% 59
\BOOKMARK [1][-]{section.11.1}{\376\377\000S\000t\000e\000a\000d\000y\000\040\000P\000a\000r\000a\000l\000l\000e\000l\000\040\000F\000l\000o\000w\000s}{chapter.11}% 60
\BOOKMARK [2][-]{subsection.11.1.1}{\376\377\000C\000o\000u\000e\000t\000t\000e\000\040\000f\000l\000o\000w}{section.11.1}% 61
\BOOKMARK [2][-]{subsection.11.1.2}{\376\377\000P\000o\000i\000s\000e\000u\000i\000l\000l\000e\000\040\000f\000l\000o\000w\000\040\000\050\000p\000l\000a\000n\000e\000\040\000a\000n\000d\000\040\000c\000i\000r\000c\000u\000l\000a\000r\000\051}{section.11.1}% 62
\BOOKMARK [2][-]{subsection.11.1.3}{\376\377\000C\000o\000m\000b\000i\000n\000e\000d\000\040\000C\000o\000u\000e\000t\000t\000e\000\040\000a\000n\000d\000\040\000P\000o\000i\000s\000e\000u\000i\000l\000l\000e\000\040\000f\000l\000o\000w}{section.11.1}% 63
\BOOKMARK [1][-]{section.11.2}{\376\377\000U\000n\000s\000t\000e\000a\000d\000y\000\040\000P\000a\000r\000a\000l\000l\000e\000l\000\040\000F\000l\000o\000w\000s}{chapter.11}% 64
\BOOKMARK [2][-]{subsection.11.2.1}{\376\377\000S\000t\000o\000k\000e\000s\000\040\000f\000i\000r\000s\000t\000\040\000p\000r\000o\000b\000l\000e\000m}{section.11.2}% 65
\BOOKMARK [2][-]{subsection.11.2.2}{\376\377\000S\000t\000o\000k\000e\000s\000\040\000s\000e\000c\000o\000n\000d\000\040\000p\000r\000o\000b\000l\000e\000m}{section.11.2}% 66
\BOOKMARK [1][-]{section.11.3}{\376\377\000L\000u\000b\000r\000i\000c\000a\000t\000i\000o\000n\000\040\000T\000h\000e\000o\000r\000y\000\040\000a\000n\000d\000\040\000F\000l\000o\000w\000\040\000i\000n\000\040\000t\000h\000i\000n\000\040\000s\000t\000r\000u\000c\000t\000u\000r\000e\000s}{chapter.11}% 67
\BOOKMARK [0][-]{chapter.12}{\376\377\000B\000o\000u\000n\000d\000a\000r\000y\000\040\000L\000a\000y\000e\000r\000s}{part.4}% 68
\BOOKMARK [1][-]{section.12.1}{\376\377\000I\000n\000t\000r\000o\000d\000u\000c\000t\000i\000o\000n}{chapter.12}% 69
\BOOKMARK [2][-]{subsection.12.1.1}{\376\377\000S\000c\000a\000l\000i\000n\000g\000\040\000o\000f\000\040\000b\000o\000u\000n\000d\000a\000r\000y\000\040\000l\000a\000y\000e\000r\000\040\000t\000h\000i\000c\000k\000n\000e\000s\000s}{section.12.1}% 70
\BOOKMARK [2][-]{subsection.12.1.2}{\376\377\000B\000.\000L\000.\000\040\000e\000q\000s\000.\000\040\000a\000s\000\040\000r\000e\000s\000u\000l\000t\000\040\000o\000f\000\040\000n\000o\000n\000-\000d\000i\000m\000e\000n\000s\000i\000o\000n\000a\000l\000i\000z\000a\000t\000i\000o\000n\000\040\000o\000f\000\040\000N\000S\000\040\000e\000q\000s\000.}{section.12.1}% 71
\BOOKMARK [2][-]{subsection.12.1.3}{\376\377\000D\000i\000s\000p\000l\000a\000c\000e\000m\000e\000n\000t\000\040\000t\000h\000i\000c\000k\000n\000e\000s\000s\000\040\000\050\000d\000i\000f\000f\000e\000r\000e\000n\000t\000\040\000i\000n\000t\000e\000r\000p\000r\000e\000t\000a\000t\000i\000o\000n\000s\000\051\000,\000\040\000M\000o\000m\000e\000n\000t\000u\000m\000\040\000t\000h\000i\000c\000k\000n\000e\000s\000s}{section.12.1}% 72
\BOOKMARK [2][-]{subsection.12.1.4}{\376\377\000I\000t\000e\000r\000a\000t\000i\000v\000e\000\040\000p\000r\000o\000c\000e\000d\000u\000r\000e\000\040\000f\000o\000r\000\040\000c\000o\000u\000p\000l\000e\000d\000\040\000v\000i\000s\000c\000o\000u\000s\000-\000i\000n\000v\000i\000s\000c\000i\000d\000\040\000s\000o\000l\000u\000t\000i\000o\000n\000.}{section.12.1}% 73
\BOOKMARK [1][-]{section.12.2}{\376\377\000I\000n\000t\000e\000g\000r\000a\000l\000\040\000M\000e\000t\000h\000o\000d\000s}{chapter.12}% 74
\BOOKMARK [2][-]{subsection.12.2.1}{\376\377\000V\000o\000n\000\040\000K\000a\000r\000m\000a\000n\000\040\000M\000o\000m\000e\000n\000t\000u\000m\000\040\000I\000n\000t\000e\000g\000r\000a\000l\000\040\000E\000q\000u\000a\000t\000i\000o\000n}{section.12.2}% 75
\BOOKMARK [2][-]{subsection.12.2.2}{\376\377\000P\000o\000h\000l\000h\000a\000u\000s\000e\000n}{section.12.2}% 76
\BOOKMARK [2][-]{subsection.12.2.3}{\376\377\000T\000h\000w\000a\000i\000t\000e\000s}{section.12.2}% 77
\BOOKMARK [1][-]{section.12.3}{\376\377\000E\000x\000a\000c\000t\000\040\000S\000o\000l\000u\000t\000i\000o\000n\000s}{chapter.12}% 78
\BOOKMARK [2][-]{subsection.12.3.1}{\376\377\000B\000l\000a\000s\000i\000u\000s}{section.12.3}% 79
\BOOKMARK [2][-]{subsection.12.3.2}{\376\377\000F\000a\000l\000k\000n\000e\000r\000\040\000S\000k\000a\000n}{section.12.3}% 80
\BOOKMARK [-1][-]{part.5}{\376\377\000V\000\040\000F\000l\000o\000w\000\040\000I\000n\000s\000t\000a\000b\000i\000l\000i\000t\000i\000e\000s}{}% 81
\BOOKMARK [0][-]{chapter.13}{\376\377\000H\000y\000d\000r\000o\000d\000y\000n\000a\000m\000i\000c\000\040\000I\000n\000s\000t\000a\000b\000i\000l\000i\000t\000i\000e\000s}{part.5}% 82
\BOOKMARK [1][-]{section.13.1}{\376\377\000L\000i\000n\000e\000a\000r\000\040\000S\000t\000a\000b\000i\000l\000i\000t\000y}{chapter.13}% 83
\BOOKMARK [0][-]{appendix.A}{\376\377\000V\000e\000c\000t\000o\000r\000s\000\040\000i\000n\000\040\000r\000o\000t\000a\000t\000i\000n\000g\000\040\000r\000e\000f\000e\000r\000e\000n\000c\000e\000\040\000f\000r\000a\000m\000e\000s}{part.5}% 84
\BOOKMARK [1][-]{section.A.1}{\376\377\000B\000a\000s\000i\000c\000\040\000p\000r\000o\000p\000e\000r\000t\000i\000e\000s}{appendix.A}% 85
\BOOKMARK [2][-]{subsection.A.1.1}{\376\377\000P\000o\000s\000i\000t\000i\000o\000n}{section.A.1}% 86
\BOOKMARK [2][-]{subsection.A.1.2}{\376\377\000V\000e\000l\000o\000c\000i\000t\000y}{section.A.1}% 87
\BOOKMARK [2][-]{subsection.A.1.3}{\376\377\000A\000c\000c\000e\000l\000e\000r\000a\000t\000i\000o\000n}{section.A.1}% 88
\BOOKMARK [1][-]{section.A.2}{\376\377\000U\000n\000i\000t\000\040\000v\000e\000c\000t\000o\000r\000s}{appendix.A}% 89
\BOOKMARK [1][-]{section.A.3}{\376\377\000E\000u\000l\000e\000r\000i\000a\000n\000\040\000v\000a\000r\000i\000a\000b\000l\000e\000s}{appendix.A}% 90
\BOOKMARK [1][-]{section.A.4}{\376\377\000R\000o\000t\000a\000t\000i\000n\000g\000\040\000N\000a\000v\000i\000e\000r\000-\000S\000t\000o\000k\000e\000s\000\040\000e\000q\000u\000a\000t\000i\000o\000n\000s}{appendix.A}% 91
\BOOKMARK [0][-]{appendix.B}{\376\377\000M\000u\000l\000t\000i\000-\000c\000o\000m\000p\000o\000n\000e\000n\000t\000\040\000f\000l\000u\000i\000d\000\040\000f\000l\000o\000w\000s\000\040\000i\000n\000\040\000t\000h\000e\000r\000m\000o\000c\000h\000e\000m\000i\000c\000a\000l\000\040\000n\000o\000n\000-\000e\000q\000u\000i\000l\000i\000b\000r\000i\000u\000m}{part.5}% 92
\BOOKMARK [1][-]{section.B.1}{\376\377\000C\000o\000n\000s\000e\000r\000v\000a\000t\000i\000o\000n\000\040\000e\000q\000u\000a\000t\000i\000o\000n\000s}{appendix.B}% 93
\BOOKMARK [1][-]{section.B.2}{\376\377\000T\000r\000a\000n\000s\000p\000o\000r\000t\000\040\000m\000o\000d\000e\000l\000s}{appendix.B}% 94
\BOOKMARK [2][-]{subsection.B.2.1}{\376\377\000S\000h\000e\000a\000r\000\040\000s\000t\000r\000e\000s\000s\000,\000\040\000h\000e\000a\000t\000\040\000f\000l\000u\000x\000e\000s\000,\000\040\000a\000n\000d\000\040\000d\000i\000f\000f\000u\000s\000i\000v\000e\000\040\000f\000l\000u\000x}{section.B.2}% 95
\BOOKMARK [2][-]{subsection.B.2.2}{\376\377\000T\000r\000a\000n\000s\000p\000o\000r\000t\000\040\000c\000o\000e\000f\000f\000i\000c\000i\000e\000n\000t\000s}{section.B.2}% 96
\BOOKMARK [1][-]{section.B.3}{\376\377\000E\000q\000u\000a\000t\000i\000o\000n\000\040\000o\000f\000\040\000s\000t\000a\000t\000e}{appendix.B}% 97
\BOOKMARK [2][-]{subsection.B.3.1}{\376\377\000P\000e\000r\000f\000e\000c\000t\000\040\000g\000a\000s}{section.B.3}% 98
\BOOKMARK [2][-]{subsection.B.3.2}{\376\377\000I\000d\000e\000a\000l\000\040\000g\000a\000s}{section.B.3}% 99
\BOOKMARK [1][-]{section.B.4}{\376\377\000T\000h\000e\000r\000m\000a\000l\000\040\000n\000o\000n\000-\000e\000q\000u\000i\000l\000i\000b\000r\000i\000u\000m}{appendix.B}% 100
\BOOKMARK [2][-]{subsection.B.4.1}{\376\377\000E\000n\000e\000r\000g\000y\000\040\000d\000e\000f\000i\000n\000i\000t\000i\000o\000n\000s}{section.B.4}% 101
\BOOKMARK [2][-]{subsection.B.4.2}{\376\377\000T\000e\000m\000p\000e\000r\000a\000t\000u\000r\000e\000\040\000e\000q\000u\000i\000l\000i\000b\000r\000a\000t\000i\000o\000n}{section.B.4}% 102
\BOOKMARK [1][-]{section.B.5}{\376\377\000C\000h\000e\000m\000i\000c\000a\000l\000\040\000n\000o\000n\000-\000e\000q\000u\000i\000l\000i\000b\000r\000i\000u\000m}{appendix.B}% 103
\BOOKMARK [1][-]{section.B.6}{\376\377\000A\000d\000d\000i\000t\000i\000o\000n\000a\000l\000\040\000r\000e\000l\000a\000t\000i\000o\000n\000s}{appendix.B}% 104
\BOOKMARK [0][-]{appendix.C}{\376\377\000A\000e\000r\000o\000d\000y\000n\000a\000m\000i\000c\000s}{part.5}% 105
\BOOKMARK [0][-]{appendix.D}{\376\377\000N\000o\000n\000-\000d\000i\000m\000e\000n\000s\000i\000o\000n\000a\000l\000i\000z\000a\000t\000i\000o\000n\000\040\000f\000o\000r\000\040\000c\000o\000m\000p\000r\000e\000s\000s\000i\000b\000l\000e\000\040\000f\000l\000o\000w\000s}{part.5}% 106
\BOOKMARK [0][-]{appendix.E}{\376\377\000H\000e\000l\000m\000h\000o\000l\000t\000z\000\040\000D\000e\000c\000o\000m\000p\000o\000s\000i\000t\000i\000o\000n}{part.5}% 107
