\BOOKMARK [0][-]{chapter*.2}{\376\377\000P\000r\000e\000f\000a\000c\000e}{}% 1
\BOOKMARK [-1][-]{part.1}{\376\377\000I\000\040\000G\000o\000v\000e\000r\000n\000i\000n\000g\000\040\000e\000q\000u\000a\000t\000i\000o\000n\000s}{}% 2
\BOOKMARK [0][-]{chapter.1}{\376\377\000R\000e\000p\000r\000e\000s\000e\000n\000t\000a\000t\000i\000o\000n\000s\000\040\000o\000f\000\040\000a\000\040\000f\000l\000u\000i\000d}{part.1}% 3
\BOOKMARK [1][-]{section.1.1}{\376\377\000E\000u\000l\000e\000r\000i\000a\000n\000\040\000v\000s\000\040\000L\000a\000g\000r\000a\000n\000g\000i\000a\000n}{chapter.1}% 4
\BOOKMARK [1][-]{section.1.2}{\376\377\000A\000t\000o\000m\000i\000s\000t\000i\000c\000\040\000v\000s\000\040\000c\000o\000n\000t\000i\000n\000u\000u\000m}{chapter.1}% 5
\BOOKMARK [0][-]{chapter.2}{\376\377\000K\000i\000n\000e\000m\000a\000t\000i\000c\000s\000\040\000o\000f\000\040\000f\000l\000u\000i\000d\000\040\000m\000o\000t\000i\000o\000n}{part.1}% 6
\BOOKMARK [1][-]{section.2.1}{\376\377\000M\000a\000t\000e\000r\000i\000a\000l\000\040\000d\000e\000r\000i\000v\000a\000t\000i\000v\000e}{chapter.2}% 7
\BOOKMARK [1][-]{section.2.2}{\376\377\000T\000h\000e\000\040\000J\000a\000c\000o\000b\000i\000a\000n\000\040\000m\000a\000t\000r\000i\000x}{chapter.2}% 8
\BOOKMARK [1][-]{section.2.3}{\376\377\000M\000a\000t\000e\000r\000i\000a\000l\000\040\000l\000i\000n\000e}{chapter.2}% 9
\BOOKMARK [1][-]{section.2.4}{\376\377\000R\000e\000y\000n\000o\000l\000d\000s\000\040\000t\000r\000a\000n\000s\000p\000o\000r\000t\000\040\000t\000h\000e\000o\000r\000e\000m}{chapter.2}% 10
\BOOKMARK [0][-]{chapter.3}{\376\377\000C\000o\000n\000s\000e\000r\000v\000a\000t\000i\000o\000n\000\040\000l\000a\000w\000s}{part.1}% 11
\BOOKMARK [1][-]{section.3.1}{\376\377\000M\000a\000s\000s}{chapter.3}% 12
\BOOKMARK [1][-]{section.3.2}{\376\377\000M\000o\000m\000e\000n\000t\000u\000m}{chapter.3}% 13
\BOOKMARK [1][-]{section.3.3}{\376\377\000E\000n\000e\000r\000g\000y}{chapter.3}% 14
\BOOKMARK [1][-]{section.3.4}{\376\377\000P\000a\000s\000s\000i\000v\000e\000\040\000S\000c\000a\000l\000a\000r}{chapter.3}% 15
\BOOKMARK [1][-]{section.3.5}{\376\377\000A\000d\000d\000i\000t\000i\000o\000n\000a\000l\000\040\000r\000e\000l\000a\000t\000i\000o\000n\000s}{chapter.3}% 16
\BOOKMARK [1][-]{section.3.6}{\376\377\000S\000u\000m\000m\000a\000r\000y\000\040\000o\000f\000\040\000g\000o\000v\000e\000r\000n\000i\000n\000g\000\040\000e\000q\000u\000a\000t\000i\000o\000n\000s}{chapter.3}% 17
\BOOKMARK [0][-]{chapter.4}{\376\377\000A\000d\000d\000i\000t\000i\000o\000n\000a\000l\000\040\000f\000l\000u\000i\000d\000\040\000e\000q\000u\000a\000t\000i\000o\000n\000s}{part.1}% 18
\BOOKMARK [1][-]{section.4.1}{\376\377\000V\000o\000r\000t\000i\000c\000i\000t\000y\000\040\000E\000q\000u\000a\000t\000i\000o\000n}{chapter.4}% 19
\BOOKMARK [1][-]{section.4.2}{\376\377\000K\000i\000n\000e\000t\000i\000c\000\040\000e\000n\000e\000r\000g\000y\000\040\000e\000q\000u\000a\000t\000i\000o\000n}{chapter.4}% 20
\BOOKMARK [1][-]{section.4.3}{\376\377\000I\000n\000t\000e\000r\000n\000a\000l\000\040\000e\000n\000e\000r\000g\000y\000\040\000e\000q\000u\000a\000t\000i\000o\000n}{chapter.4}% 21
\BOOKMARK [2][-]{subsection.4.3.1}{\376\377\000P\000r\000e\000s\000s\000u\000r\000e\000\040\000e\000q\000u\000a\000t\000i\000o\000n}{section.4.3}% 22
\BOOKMARK [2][-]{subsection.4.3.2}{\376\377\000E\000n\000t\000h\000a\000l\000p\000y\000\040\000e\000q\000u\000a\000t\000i\000o\000n}{section.4.3}% 23
\BOOKMARK [2][-]{subsection.4.3.3}{\376\377\000E\000n\000t\000r\000o\000p\000y\000\040\000e\000q\000u\000a\000t\000i\000o\000n}{section.4.3}% 24
\BOOKMARK [1][-]{section.4.4}{\376\377\000K\000e\000l\000v\000i\000n\000'\000s\000\040\000T\000h\000e\000o\000r\000e\000m}{chapter.4}% 25
\BOOKMARK [1][-]{section.4.5}{\376\377\000B\000e\000r\000n\000o\000u\000l\000l\000i\000'\000s\000\040\000e\000q\000u\000a\000t\000i\000o\000n}{chapter.4}% 26
\BOOKMARK [1][-]{section.4.6}{\376\377\000A\000r\000b\000i\000t\000r\000a\000r\000y\000\040\000L\000a\000g\000r\000a\000n\000g\000i\000a\000n\000\040\000E\000u\000l\000e\000r\000i\000a\000n\000\040\000e\000q\000u\000a\000t\000i\000o\000n\000s}{chapter.4}% 27
\BOOKMARK [2][-]{subsection.4.6.1}{\376\377\000D\000i\000f\000f\000e\000r\000e\000n\000t\000i\000a\000l\000\040\000f\000o\000r\000m}{section.4.6}% 28
\BOOKMARK [2][-]{subsection.4.6.2}{\376\377\000I\000n\000t\000e\000g\000r\000a\000l\000\040\000f\000o\000r\000m}{section.4.6}% 29
\BOOKMARK [0][-]{chapter.5}{\376\377\000M\000i\000x\000t\000u\000r\000e\000s}{part.1}% 30
\BOOKMARK [1][-]{section.5.1}{\376\377\000M\000u\000l\000t\000i\000-\000m\000a\000t\000e\000r\000i\000a\000l\000\040\000v\000s\000.\000\040\000m\000u\000l\000t\000i\000-\000f\000l\000u\000i\000d\000\040\000v\000s\000.\000\040\000m\000u\000l\000t\000i\000-\000s\000p\000e\000c\000i\000e\000s}{chapter.5}% 31
\BOOKMARK [1][-]{section.5.2}{\376\377\000D\000e\000f\000i\000n\000i\000t\000i\000o\000n\000\040\000o\000f\000\040\000m\000u\000l\000t\000i\000-\000m\000a\000t\000e\000r\000i\000a\000l\000\040\000v\000a\000r\000i\000a\000b\000l\000e\000s}{chapter.5}% 32
\BOOKMARK [1][-]{section.5.3}{\376\377\000I\000n\000t\000e\000r\000p\000r\000e\000t\000a\000t\000i\000o\000n\000\040\000o\000f\000\040\000m\000u\000l\000t\000i\000-\000m\000a\000t\000e\000r\000i\000a\000l\000\040\000v\000a\000r\000i\000a\000b\000l\000e\000s}{chapter.5}% 33
\BOOKMARK [1][-]{section.5.4}{\376\377\000M\000u\000l\000t\000i\000-\000f\000l\000u\000i\000d\000\040\000f\000o\000r\000m\000u\000l\000a\000t\000i\000o\000n}{chapter.5}% 34
\BOOKMARK [2][-]{subsection.5.4.1}{\376\377\000F\000l\000u\000i\000d\000\040\000e\000q\000u\000a\000t\000i\000o\000n\000s\000\040\000d\000e\000r\000i\000v\000e\000d\000\040\000f\000r\000o\000m\000\040\000k\000i\000n\000e\000t\000i\000c\000\040\000e\000q\000u\000a\000t\000i\000o\000n}{section.5.4}% 35
\BOOKMARK [2][-]{subsection.5.4.2}{\376\377\000M\000u\000l\000t\000i\000-\000m\000a\000t\000e\000r\000i\000a\000l\000\040\000m\000u\000l\000t\000i\000-\000f\000l\000u\000i\000d\000\040\000m\000o\000d\000e\000l}{section.5.4}% 36
\BOOKMARK [2][-]{subsection.5.4.3}{\376\377\000S\000i\000n\000g\000l\000e\000-\000m\000a\000t\000e\000r\000i\000a\000l\000\040\000m\000u\000l\000t\000i\000-\000f\000l\000u\000i\000d\000\040\000m\000o\000d\000e\000l}{section.5.4}% 37
\BOOKMARK [2][-]{subsection.5.4.4}{\376\377\000S\000i\000n\000g\000l\000e\000-\000m\000a\000t\000e\000r\000i\000a\000l\000\040\000t\000w\000o\000-\000f\000l\000u\000i\000d\000\040\000m\000o\000d\000e\000l}{section.5.4}% 38
\BOOKMARK [1][-]{section.5.5}{\376\377\000S\000i\000n\000g\000l\000e\000-\000f\000l\000u\000i\000d\000\040\000f\000o\000r\000m\000u\000l\000a\000t\000i\000o\000n}{chapter.5}% 39
\BOOKMARK [2][-]{subsection.5.5.1}{\376\377\000S\000i\000n\000g\000l\000e\000-\000f\000l\000u\000i\000d\000\040\000v\000a\000r\000i\000a\000b\000l\000e\000s}{section.5.5}% 40
\BOOKMARK [2][-]{subsection.5.5.2}{\376\377\000T\000o\000t\000a\000l\000\040\000s\000u\000m\000\040\000o\000f\000\040\000c\000o\000l\000l\000i\000s\000i\000o\000n\000a\000l\000\040\000t\000e\000r\000m\000s}{section.5.5}% 41
\BOOKMARK [2][-]{subsection.5.5.3}{\376\377\000T\000h\000e\000\040\000g\000e\000n\000e\000r\000a\000l\000\040\000m\000o\000d\000e\000l}{section.5.5}% 42
\BOOKMARK [2][-]{subsection.5.5.4}{\376\377\000M\000u\000l\000t\000i\000-\000m\000a\000t\000e\000r\000i\000a\000l\000\040\000s\000i\000n\000g\000l\000e\000-\000f\000l\000u\000i\000d\000\040\000m\000o\000d\000e\000l}{section.5.5}% 43
\BOOKMARK [2][-]{subsection.5.5.5}{\376\377\000S\000i\000n\000g\000l\000e\000-\000m\000a\000t\000e\000r\000i\000a\000l\000\040\000s\000i\000n\000g\000l\000e\000-\000f\000l\000u\000i\000d\000\040\000m\000u\000l\000t\000i\000-\000s\000p\000e\000c\000i\000e\000s\000\040\000m\000o\000d\000e\000l}{section.5.5}% 44
\BOOKMARK [2][-]{subsection.5.5.6}{\376\377\000S\000i\000n\000g\000l\000e\000-\000m\000a\000t\000e\000r\000i\000a\000l\000\040\000s\000i\000n\000g\000l\000e\000-\000f\000l\000u\000i\000d\000\040\000t\000w\000o\000-\000s\000p\000e\000c\000i\000e\000s\000\040\000m\000o\000d\000e\000l}{section.5.5}% 45
\BOOKMARK [2][-]{subsection.5.5.7}{\376\377\000A\000l\000t\000e\000r\000n\000a\000t\000e\000\040\000f\000o\000r\000m\000s\000\040\000o\000f\000\040\000t\000h\000e\000\040\000e\000n\000e\000r\000g\000y\000\040\000e\000q\000u\000a\000t\000i\000o\000n\000s}{section.5.5}% 46
\BOOKMARK [2][-]{subsection.5.5.8}{\376\377\000G\000e\000n\000e\000r\000i\000c\000\040\000E\000O\000S}{section.5.5}% 47
\BOOKMARK [0][-]{chapter.6}{\376\377\000M\000i\000x\000t\000u\000r\000e\000s}{part.1}% 48
\BOOKMARK [1][-]{section.6.1}{\376\377\000M\000u\000l\000t\000i\000-\000s\000p\000e\000c\000i\000e\000s\000\040\000h\000y\000d\000r\000o\000d\000y\000n\000a\000m\000i\000c\000s}{chapter.6}% 49
\BOOKMARK [2][-]{subsection.6.1.1}{\376\377\000E\000q\000u\000a\000t\000i\000o\000n\000s\000\040\000o\000f\000\040\000s\000t\000a\000t\000e\000\040\000a\000n\000d\000\040\000t\000h\000e\000r\000m\000o\000d\000y\000n\000a\000m\000i\000c\000\040\000v\000a\000r\000i\000a\000b\000l\000e\000s}{section.6.1}% 50
\BOOKMARK [2][-]{subsection.6.1.2}{\376\377\000T\000h\000e\000\040\000p\000r\000e\000s\000s\000u\000r\000e\000-\000t\000e\000m\000p\000e\000r\000a\000t\000u\000r\000e\000\040\000\050\000P\000T\000\051\000\040\000e\000q\000u\000i\000l\000i\000b\000r\000a\000t\000i\000o\000n\000\040\000m\000o\000d\000e\000l}{section.6.1}% 51
\BOOKMARK [2][-]{subsection.6.1.3}{\376\377\000T\000h\000e\000\040\000P\000T\000\040\000e\000q\000u\000i\000l\000i\000b\000r\000a\000t\000i\000o\000n\000\040\000m\000o\000d\000e\000l\000\040\000f\000o\000r\000\040\000p\000e\000r\000f\000e\000c\000t\000\040\000g\000a\000s\000s\000e\000s}{section.6.1}% 52
\BOOKMARK [2][-]{subsection.6.1.4}{\376\377\000S\000u\000m\000m\000a\000r\000y\000\040\000o\000f\000\040\000g\000o\000v\000e\000r\000n\000i\000n\000g\000\040\000e\000q\000u\000a\000t\000i\000o\000n\000s}{section.6.1}% 53
\BOOKMARK [2][-]{subsection.6.1.5}{\376\377\000M\000a\000s\000s\000-\000f\000r\000a\000c\000t\000i\000o\000n\000\040\000e\000q\000u\000a\000t\000i\000o\000n\000s}{section.6.1}% 54
\BOOKMARK [-1][-]{part.2}{\376\377\000I\000I\000\040\000C\000o\000m\000p\000r\000e\000s\000s\000i\000b\000l\000e\000\040\000F\000l\000o\000w}{}% 55
\BOOKMARK [0][-]{chapter.7}{\376\377\000T\000h\000e\000r\000m\000o\000d\000y\000n\000a\000m\000i\000c\000s\000\040\000o\000f\000\040\000f\000l\000u\000i\000d\000\040\000f\000l\000o\000w\000s}{part.2}% 56
\BOOKMARK [1][-]{section.7.1}{\376\377\000T\000h\000e\000r\000m\000o\000d\000y\000n\000a\000m\000i\000c\000\040\000v\000a\000r\000i\000a\000b\000l\000e\000s}{chapter.7}% 57
\BOOKMARK [1][-]{section.7.2}{\376\377\000E\000q\000u\000a\000t\000i\000o\000n\000\040\000o\000f\000\040\000s\000t\000a\000t\000e}{chapter.7}% 58
\BOOKMARK [1][-]{section.7.3}{\376\377\000T\000h\000e\000\040\000G\000i\000b\000b\000'\000s\000\040\000e\000q\000u\000a\000t\000i\000o\000n\000s}{chapter.7}% 59
\BOOKMARK [2][-]{subsection.7.3.1}{\376\377\000D\000e\000f\000i\000n\000i\000t\000i\000o\000n\000s}{section.7.3}% 60
\BOOKMARK [2][-]{subsection.7.3.2}{\376\377\000A\000d\000d\000i\000t\000i\000o\000n\000a\000l\000\040\000r\000e\000l\000a\000t\000i\000o\000n\000s\000h\000i\000p\000s}{section.7.3}% 61
\BOOKMARK [2][-]{subsection.7.3.3}{\376\377\000A\000p\000p\000l\000i\000c\000a\000t\000i\000o\000n\000s\000\040\000o\000f\000\040\000t\000h\000e\000\040\000G\000i\000b\000b\000'\000s\000\040\000e\000q\000u\000a\000t\000i\000o\000n}{section.7.3}% 62
\BOOKMARK [2][-]{subsection.7.3.4}{\376\377\000E\000n\000e\000r\000g\000y\000\040\000d\000e\000p\000e\000n\000d\000e\000n\000c\000e\000\040\000o\000n\000\040\000t\000e\000m\000p\000e\000r\000a\000t\000u\000r\000e}{section.7.3}% 63
\BOOKMARK [1][-]{section.7.4}{\376\377\000I\000d\000e\000a\000l\000\040\000g\000a\000s\000s\000e\000s}{chapter.7}% 64
\BOOKMARK [1][-]{section.7.5}{\376\377\000I\000s\000e\000n\000t\000r\000o\000p\000i\000c\000\040\000f\000l\000o\000w}{chapter.7}% 65
\BOOKMARK [2][-]{subsection.7.5.1}{\376\377\000D\000e\000f\000i\000n\000i\000t\000i\000o\000n\000s\000\040\000a\000n\000d\000\040\000g\000o\000v\000e\000r\000n\000i\000n\000g\000\040\000e\000q\000u\000a\000t\000i\000o\000n\000s}{section.7.5}% 66
\BOOKMARK [2][-]{subsection.7.5.2}{\376\377\000I\000s\000e\000n\000t\000r\000o\000p\000i\000c\000\040\000s\000t\000a\000g\000n\000a\000t\000i\000o\000n\000\040\000v\000a\000r\000i\000a\000b\000l\000e\000s}{section.7.5}% 67
\BOOKMARK [2][-]{subsection.7.5.3}{\376\377\000I\000s\000e\000n\000t\000r\000o\000p\000i\000c\000\040\000f\000l\000o\000w\000\040\000f\000o\000r\000\040\000a\000\040\000p\000e\000r\000f\000e\000c\000t\000\040\000g\000a\000s}{section.7.5}% 68
\BOOKMARK [2][-]{subsection.7.5.4}{\376\377\000A\000c\000o\000u\000s\000t\000i\000c\000\040\000w\000a\000v\000e\000s}{section.7.5}% 69
\BOOKMARK [0][-]{chapter.8}{\376\377\000S\000h\000o\000c\000k\000\040\000w\000a\000v\000e\000s\000\040\000a\000n\000d\000\040\000r\000e\000l\000a\000t\000e\000d\000\040\000d\000i\000s\000c\000o\000n\000t\000i\000n\000u\000i\000t\000i\000e\000s}{part.2}% 70
\BOOKMARK [1][-]{section.8.1}{\376\377\000S\000h\000o\000c\000k\000\040\000w\000a\000v\000e\000s}{chapter.8}% 71
\BOOKMARK [2][-]{subsection.8.1.1}{\376\377\000N\000o\000r\000m\000a\000l\000\040\000s\000h\000o\000c\000k\000s}{section.8.1}% 72
\BOOKMARK [2][-]{subsection.8.1.2}{\376\377\000O\000b\000l\000i\000q\000u\000e\000\040\000s\000h\000o\000c\000k\000s}{section.8.1}% 73
\BOOKMARK [2][-]{subsection.8.1.3}{\376\377\000W\000e\000a\000k\000\040\000s\000h\000o\000c\000k\000s}{section.8.1}% 74
\BOOKMARK [2][-]{subsection.8.1.4}{\376\377\000S\000t\000r\000o\000n\000g\000\040\000s\000h\000o\000c\000k\000s}{section.8.1}% 75
\BOOKMARK [1][-]{section.8.2}{\376\377\000M\000a\000c\000h\000\040\000W\000a\000v\000e\000s}{chapter.8}% 76
\BOOKMARK [1][-]{section.8.3}{\376\377\000C\000o\000n\000t\000a\000c\000t\000\040\000d\000i\000s\000c\000o\000n\000t\000i\000n\000u\000i\000t\000i\000e\000s}{chapter.8}% 77
\BOOKMARK [0][-]{chapter.9}{\376\377\000Q\000u\000a\000s\000i\000\040\0001\000-\000D\000\040\000s\000t\000e\000a\000d\000y\000\040\000a\000n\000d\000\040\000u\000n\000s\000t\000e\000a\000d\000y\000\040\000f\000l\000o\000w}{part.2}% 78
\BOOKMARK [0][-]{chapter.10}{\376\377\0002\000-\000D\000\040\000C\000o\000m\000p\000r\000e\000s\000s\000i\000b\000l\000e\000\040\000f\000l\000o\000w}{part.2}% 79
\BOOKMARK [-1][-]{part.3}{\376\377\000I\000I\000I\000\040\000F\000l\000o\000w\000\040\000I\000n\000s\000t\000a\000b\000i\000l\000i\000t\000i\000e\000s}{}% 80
\BOOKMARK [0][-]{chapter.11}{\376\377\000H\000y\000d\000r\000o\000d\000y\000n\000a\000m\000i\000c\000\040\000I\000n\000s\000t\000a\000b\000i\000l\000i\000t\000i\000e\000s}{part.3}% 81
\BOOKMARK [1][-]{section.11.1}{\376\377\000L\000i\000n\000e\000a\000r\000\040\000S\000t\000a\000b\000i\000l\000i\000t\000y}{chapter.11}% 82
\BOOKMARK [0][-]{appendix.A}{\376\377\000V\000e\000c\000t\000o\000r\000s\000\040\000i\000n\000\040\000r\000o\000t\000a\000t\000i\000n\000g\000\040\000r\000e\000f\000e\000r\000e\000n\000c\000e\000\040\000f\000r\000a\000m\000e\000s}{part.3}% 83
\BOOKMARK [1][-]{section.A.1}{\376\377\000B\000a\000s\000i\000c\000\040\000p\000r\000o\000p\000e\000r\000t\000i\000e\000s}{appendix.A}% 84
\BOOKMARK [2][-]{subsection.A.1.1}{\376\377\000P\000o\000s\000i\000t\000i\000o\000n}{section.A.1}% 85
\BOOKMARK [2][-]{subsection.A.1.2}{\376\377\000V\000e\000l\000o\000c\000i\000t\000y}{section.A.1}% 86
\BOOKMARK [2][-]{subsection.A.1.3}{\376\377\000A\000c\000c\000e\000l\000e\000r\000a\000t\000i\000o\000n}{section.A.1}% 87
\BOOKMARK [1][-]{section.A.2}{\376\377\000U\000n\000i\000t\000\040\000v\000e\000c\000t\000o\000r\000s}{appendix.A}% 88
\BOOKMARK [1][-]{section.A.3}{\376\377\000E\000u\000l\000e\000r\000i\000a\000n\000\040\000v\000a\000r\000i\000a\000b\000l\000e\000s}{appendix.A}% 89
\BOOKMARK [1][-]{section.A.4}{\376\377\000R\000o\000t\000a\000t\000i\000n\000g\000\040\000N\000a\000v\000i\000e\000r\000-\000S\000t\000o\000k\000e\000s\000\040\000e\000q\000u\000a\000t\000i\000o\000n\000s}{appendix.A}% 90
\BOOKMARK [0][-]{appendix.B}{\376\377\000M\000u\000l\000t\000i\000-\000c\000o\000m\000p\000o\000n\000e\000n\000t\000\040\000f\000l\000u\000i\000d\000\040\000f\000l\000o\000w\000s\000\040\000i\000n\000\040\000t\000h\000e\000r\000m\000o\000c\000h\000e\000m\000i\000c\000a\000l\000\040\000n\000o\000n\000-\000e\000q\000u\000i\000l\000i\000b\000r\000i\000u\000m}{part.3}% 91
\BOOKMARK [1][-]{section.B.1}{\376\377\000C\000o\000n\000s\000e\000r\000v\000a\000t\000i\000o\000n\000\040\000e\000q\000u\000a\000t\000i\000o\000n\000s}{appendix.B}% 92
\BOOKMARK [1][-]{section.B.2}{\376\377\000T\000r\000a\000n\000s\000p\000o\000r\000t\000\040\000m\000o\000d\000e\000l\000s}{appendix.B}% 93
\BOOKMARK [2][-]{subsection.B.2.1}{\376\377\000S\000h\000e\000a\000r\000\040\000s\000t\000r\000e\000s\000s\000,\000\040\000h\000e\000a\000t\000\040\000f\000l\000u\000x\000e\000s\000,\000\040\000a\000n\000d\000\040\000d\000i\000f\000f\000u\000s\000i\000v\000e\000\040\000f\000l\000u\000x}{section.B.2}% 94
\BOOKMARK [2][-]{subsection.B.2.2}{\376\377\000T\000r\000a\000n\000s\000p\000o\000r\000t\000\040\000c\000o\000e\000f\000f\000i\000c\000i\000e\000n\000t\000s}{section.B.2}% 95
\BOOKMARK [1][-]{section.B.3}{\376\377\000E\000q\000u\000a\000t\000i\000o\000n\000\040\000o\000f\000\040\000s\000t\000a\000t\000e}{appendix.B}% 96
\BOOKMARK [2][-]{subsection.B.3.1}{\376\377\000P\000e\000r\000f\000e\000c\000t\000\040\000g\000a\000s}{section.B.3}% 97
\BOOKMARK [2][-]{subsection.B.3.2}{\376\377\000I\000d\000e\000a\000l\000\040\000g\000a\000s}{section.B.3}% 98
\BOOKMARK [1][-]{section.B.4}{\376\377\000T\000h\000e\000r\000m\000a\000l\000\040\000n\000o\000n\000-\000e\000q\000u\000i\000l\000i\000b\000r\000i\000u\000m}{appendix.B}% 99
\BOOKMARK [2][-]{subsection.B.4.1}{\376\377\000E\000n\000e\000r\000g\000y\000\040\000d\000e\000f\000i\000n\000i\000t\000i\000o\000n\000s}{section.B.4}% 100
\BOOKMARK [2][-]{subsection.B.4.2}{\376\377\000T\000e\000m\000p\000e\000r\000a\000t\000u\000r\000e\000\040\000e\000q\000u\000i\000l\000i\000b\000r\000a\000t\000i\000o\000n}{section.B.4}% 101
\BOOKMARK [1][-]{section.B.5}{\376\377\000C\000h\000e\000m\000i\000c\000a\000l\000\040\000n\000o\000n\000-\000e\000q\000u\000i\000l\000i\000b\000r\000i\000u\000m}{appendix.B}% 102
\BOOKMARK [1][-]{section.B.6}{\376\377\000A\000d\000d\000i\000t\000i\000o\000n\000a\000l\000\040\000r\000e\000l\000a\000t\000i\000o\000n\000s}{appendix.B}% 103
\BOOKMARK [0][-]{appendix.C}{\376\377\000A\000e\000r\000o\000d\000y\000n\000a\000m\000i\000c\000s}{part.3}% 104
\BOOKMARK [0][-]{appendix.D}{\376\377\000N\000o\000n\000-\000d\000i\000m\000e\000n\000s\000i\000o\000n\000a\000l\000i\000z\000a\000t\000i\000o\000n\000\040\000f\000o\000r\000\040\000c\000o\000m\000p\000r\000e\000s\000s\000i\000b\000l\000e\000\040\000f\000l\000o\000w\000s}{part.3}% 105
\BOOKMARK [0][-]{appendix.E}{\376\377\000H\000e\000l\000m\000h\000o\000l\000t\000z\000\040\000D\000e\000c\000o\000m\000p\000o\000s\000i\000t\000i\000o\000n}{part.3}% 106
